2020-05-14 09:56:22.266  INFO 1040 --- [main] n.g.s.s.ApplicationTests                 : Starting ApplicationTests on DESKTOP-GOUB606 with PID 1040 (started by maher in E:\workspaces\workspace_guides\spring-boot-tutorial-master\springboot2-externalizing-conf-properties)
2020-05-14 09:56:22.268 DEBUG 1040 --- [main] n.g.s.s.ApplicationTests                 : Running with Spring Boot v2.0.4.RELEASE, Spring v5.0.8.RELEASE
2020-05-14 09:56:22.269  INFO 1040 --- [main] n.g.s.s.ApplicationTests                 : No active profile set, falling back to default profiles: default
2020-05-14 09:56:22.289  INFO 1040 --- [main] o.s.w.c.s.GenericWebApplicationContext   : Refreshing org.springframework.web.context.support.GenericWebApplicationContext@c430e6c: startup date [Thu May 14 09:56:22 CEST 2020]; root of context hierarchy
2020-05-14 09:56:23.035  INFO 1040 --- [main] o.s.w.s.handler.SimpleUrlHandlerMapping  : Mapped URL path [/**/favicon.ico] onto handler of type [class org.springframework.web.servlet.resource.ResourceHttpRequestHandler]
2020-05-14 09:56:23.154  INFO 1040 --- [main] s.w.s.m.m.a.RequestMappingHandlerAdapter : Looking for @ControllerAdvice: org.springframework.web.context.support.GenericWebApplicationContext@c430e6c: startup date [Thu May 14 09:56:22 CEST 2020]; root of context hierarchy
2020-05-14 09:56:23.206  INFO 1040 --- [main] s.w.s.m.m.a.RequestMappingHandlerMapping : Mapped "{[/properties],methods=[GET]}" onto public void net.guides.springboot2.springboot2externalizingconfproperties.PropertyController.printProperties()
2020-05-14 09:56:23.208  INFO 1040 --- [main] s.w.s.m.m.a.RequestMappingHandlerMapping : Mapped "{[/error]}" onto public org.springframework.http.ResponseEntity<java.util.Map<java.lang.String, java.lang.Object>> org.springframework.boot.autoconfigure.web.servlet.error.BasicErrorController.error(javax.servlet.http.HttpServletRequest)
2020-05-14 09:56:23.209  INFO 1040 --- [main] s.w.s.m.m.a.RequestMappingHandlerMapping : Mapped "{[/error],produces=[text/html]}" onto public org.springframework.web.servlet.ModelAndView org.springframework.boot.autoconfigure.web.servlet.error.BasicErrorController.errorHtml(javax.servlet.http.HttpServletRequest,javax.servlet.http.HttpServletResponse)
2020-05-14 09:56:23.225  INFO 1040 --- [main] o.s.w.s.handler.SimpleUrlHandlerMapping  : Mapped URL path [/webjars/**] onto handler of type [class org.springframework.web.servlet.resource.ResourceHttpRequestHandler]
2020-05-14 09:56:23.225  INFO 1040 --- [main] o.s.w.s.handler.SimpleUrlHandlerMapping  : Mapped URL path [/**] onto handler of type [class org.springframework.web.servlet.resource.ResourceHttpRequestHandler]
2020-05-14 09:56:23.380  INFO 1040 --- [main] n.g.s.s.ApplicationTests                 : Started ApplicationTests in 1.296 seconds (JVM running for 1.826)
2020-05-14 09:56:23.467  INFO 1040 --- [Thread-2] o.s.w.c.s.GenericWebApplicationContext   : Closing org.springframework.web.context.support.GenericWebApplicationContext@c430e6c: startup date [Thu May 14 09:56:22 CEST 2020]; root of context hierarchy
2020-05-14 09:57:58.985  INFO 7048 --- [main] n.g.s.s.ApplicationTests                 : Starting ApplicationTests on DESKTOP-GOUB606 with PID 7048 (started by maher in E:\workspaces\workspace_guides\spring-boot-tutorial-master\springboot2-externalizing-conf-properties)
2020-05-14 09:57:58.986 DEBUG 7048 --- [main] n.g.s.s.ApplicationTests                 : Running with Spring Boot v2.0.4.RELEASE, Spring v5.0.8.RELEASE
2020-05-14 09:57:58.988  INFO 7048 --- [main] n.g.s.s.ApplicationTests                 : No active profile set, falling back to default profiles: default
2020-05-14 09:57:59.008  INFO 7048 --- [main] o.s.w.c.s.GenericWebApplicationContext   : Refreshing org.springframework.web.context.support.GenericWebApplicationContext@c430e6c: startup date [Thu May 14 09:57:59 CEST 2020]; root of context hierarchy
2020-05-14 09:57:59.768  INFO 7048 --- [main] o.s.w.s.handler.SimpleUrlHandlerMapping  : Mapped URL path [/**/favicon.ico] onto handler of type [class org.springframework.web.servlet.resource.ResourceHttpRequestHandler]
2020-05-14 09:57:59.884  INFO 7048 --- [main] s.w.s.m.m.a.RequestMappingHandlerAdapter : Looking for @ControllerAdvice: org.springframework.web.context.support.GenericWebApplicationContext@c430e6c: startup date [Thu May 14 09:57:59 CEST 2020]; root of context hierarchy
2020-05-14 09:57:59.934  INFO 7048 --- [main] s.w.s.m.m.a.RequestMappingHandlerMapping : Mapped "{[/properties],methods=[GET]}" onto public void net.guides.springboot2.springboot2externalizingconfproperties.PropertyController.printProperties()
2020-05-14 09:57:59.937  INFO 7048 --- [main] s.w.s.m.m.a.RequestMappingHandlerMapping : Mapped "{[/error]}" onto public org.springframework.http.ResponseEntity<java.util.Map<java.lang.String, java.lang.Object>> org.springframework.boot.autoconfigure.web.servlet.error.BasicErrorController.error(javax.servlet.http.HttpServletRequest)
2020-05-14 09:57:59.938  INFO 7048 --- [main] s.w.s.m.m.a.RequestMappingHandlerMapping : Mapped "{[/error],produces=[text/html]}" onto public org.springframework.web.servlet.ModelAndView org.springframework.boot.autoconfigure.web.servlet.error.BasicErrorController.errorHtml(javax.servlet.http.HttpServletRequest,javax.servlet.http.HttpServletResponse)
2020-05-14 09:57:59.957  INFO 7048 --- [main] o.s.w.s.handler.SimpleUrlHandlerMapping  : Mapped URL path [/webjars/**] onto handler of type [class org.springframework.web.servlet.resource.ResourceHttpRequestHandler]
2020-05-14 09:57:59.957  INFO 7048 --- [main] o.s.w.s.handler.SimpleUrlHandlerMapping  : Mapped URL path [/**] onto handler of type [class org.springframework.web.servlet.resource.ResourceHttpRequestHandler]
2020-05-14 09:58:00.105  INFO 7048 --- [main] n.g.s.s.ApplicationTests                 : Started ApplicationTests in 1.283 seconds (JVM running for 1.802)
2020-05-14 09:58:00.191  INFO 7048 --- [Thread-2] o.s.w.c.s.GenericWebApplicationContext   : Closing org.springframework.web.context.support.GenericWebApplicationContext@c430e6c: startup date [Thu May 14 09:57:59 CEST 2020]; root of context hierarchy
2020-05-14 09:58:10.121  INFO 8808 --- [main] n.g.s.s.Application                      : Starting Application on DESKTOP-GOUB606 with PID 8808 (E:\workspaces\workspace_guides\spring-boot-tutorial-master\springboot2-externalizing-conf-properties\target\classes started by maher in E:\workspaces\workspace_guides\spring-boot-tutorial-master\springboot2-externalizing-conf-properties)
2020-05-14 09:58:10.122 DEBUG 8808 --- [main] n.g.s.s.Application                      : Running with Spring Boot v2.0.4.RELEASE, Spring v5.0.8.RELEASE
2020-05-14 09:58:10.123  INFO 8808 --- [main] n.g.s.s.Application                      : No active profile set, falling back to default profiles: default
2020-05-14 09:58:10.143  INFO 8808 --- [main] ConfigServletWebServerApplicationContext : Refreshing org.springframework.boot.web.servlet.context.AnnotationConfigServletWebServerApplicationContext@3c9d0b9d: startup date [Thu May 14 09:58:10 CEST 2020]; root of context hierarchy
2020-05-14 09:58:10.635  INFO 8808 --- [main] o.s.b.w.embedded.tomcat.TomcatWebServer  : Tomcat initialized with port(s): 8080 (http)
2020-05-14 09:58:10.646  INFO 8808 --- [main] o.apache.catalina.core.StandardService   : Starting service [Tomcat]
2020-05-14 09:58:10.647  INFO 8808 --- [main] org.apache.catalina.core.StandardEngine  : Starting Servlet Engine: Apache Tomcat/8.5.32
2020-05-14 09:58:10.648  INFO 8808 --- [localhost-startStop-1] o.a.catalina.core.AprLifecycleListener   : Loaded APR based Apache Tomcat Native library [1.2.23] using APR version [1.7.0].
2020-05-14 09:58:10.648  INFO 8808 --- [localhost-startStop-1] o.a.catalina.core.AprLifecycleListener   : APR capabilities: IPv6 [true], sendfile [true], accept filters [false], random [true].
2020-05-14 09:58:10.648  INFO 8808 --- [localhost-startStop-1] o.a.catalina.core.AprLifecycleListener   : APR/OpenSSL configuration: useAprConnector [false], useOpenSSL [true]
2020-05-14 09:58:10.651  INFO 8808 --- [localhost-startStop-1] o.a.catalina.core.AprLifecycleListener   : OpenSSL successfully initialized [OpenSSL 1.1.1c  28 May 2019]
2020-05-14 09:58:10.688  INFO 8808 --- [localhost-startStop-1] o.a.c.c.C.[Tomcat].[localhost].[/]       : Initializing Spring embedded WebApplicationContext
2020-05-14 09:58:10.688  INFO 8808 --- [localhost-startStop-1] o.s.web.context.ContextLoader            : Root WebApplicationContext: initialization completed in 545 ms
2020-05-14 09:58:10.718  INFO 8808 --- [localhost-startStop-1] o.s.b.w.servlet.ServletRegistrationBean  : Servlet dispatcherServlet mapped to [/]
2020-05-14 09:58:10.720  INFO 8808 --- [localhost-startStop-1] o.s.b.w.servlet.FilterRegistrationBean   : Mapping filter: 'characterEncodingFilter' to: [/*]
2020-05-14 09:58:10.720  INFO 8808 --- [localhost-startStop-1] o.s.b.w.servlet.FilterRegistrationBean   : Mapping filter: 'hiddenHttpMethodFilter' to: [/*]
2020-05-14 09:58:10.721  INFO 8808 --- [localhost-startStop-1] o.s.b.w.servlet.FilterRegistrationBean   : Mapping filter: 'httpPutFormContentFilter' to: [/*]
2020-05-14 09:58:10.721  INFO 8808 --- [localhost-startStop-1] o.s.b.w.servlet.FilterRegistrationBean   : Mapping filter: 'requestContextFilter' to: [/*]
2020-05-14 09:58:10.780  INFO 8808 --- [main] o.s.w.s.handler.SimpleUrlHandlerMapping  : Mapped URL path [/**/favicon.ico] onto handler of type [class org.springframework.web.servlet.resource.ResourceHttpRequestHandler]
2020-05-14 09:58:10.870  INFO 8808 --- [main] s.w.s.m.m.a.RequestMappingHandlerAdapter : Looking for @ControllerAdvice: org.springframework.boot.web.servlet.context.AnnotationConfigServletWebServerApplicationContext@3c9d0b9d: startup date [Thu May 14 09:58:10 CEST 2020]; root of context hierarchy
2020-05-14 09:58:10.897  INFO 8808 --- [main] s.w.s.m.m.a.RequestMappingHandlerMapping : Mapped "{[/properties],methods=[GET]}" onto public void net.guides.springboot2.springboot2externalizingconfproperties.PropertyController.printProperties()
2020-05-14 09:58:10.899  INFO 8808 --- [main] s.w.s.m.m.a.RequestMappingHandlerMapping : Mapped "{[/error]}" onto public org.springframework.http.ResponseEntity<java.util.Map<java.lang.String, java.lang.Object>> org.springframework.boot.autoconfigure.web.servlet.error.BasicErrorController.error(javax.servlet.http.HttpServletRequest)
2020-05-14 09:58:10.900  INFO 8808 --- [main] s.w.s.m.m.a.RequestMappingHandlerMapping : Mapped "{[/error],produces=[text/html]}" onto public org.springframework.web.servlet.ModelAndView org.springframework.boot.autoconfigure.web.servlet.error.BasicErrorController.errorHtml(javax.servlet.http.HttpServletRequest,javax.servlet.http.HttpServletResponse)
2020-05-14 09:58:10.912  INFO 8808 --- [main] o.s.w.s.handler.SimpleUrlHandlerMapping  : Mapped URL path [/webjars/**] onto handler of type [class org.springframework.web.servlet.resource.ResourceHttpRequestHandler]
2020-05-14 09:58:10.912  INFO 8808 --- [main] o.s.w.s.handler.SimpleUrlHandlerMapping  : Mapped URL path [/**] onto handler of type [class org.springframework.web.servlet.resource.ResourceHttpRequestHandler]
2020-05-14 09:58:10.982  INFO 8808 --- [main] o.s.j.e.a.AnnotationMBeanExporter        : Registering beans for JMX exposure on startup
2020-05-14 09:58:10.993 ERROR 8808 --- [main] o.apache.catalina.core.StandardService   : Failed to start connector [Connector[HTTP/1.1-8080]]

org.apache.catalina.LifecycleException: Failed to start component [Connector[HTTP/1.1-8080]]
	at org.apache.catalina.util.LifecycleBase.start(LifecycleBase.java:167) ~[tomcat-embed-core-8.5.32.jar:8.5.32]
	at org.apache.catalina.core.StandardService.addConnector(StandardService.java:225) ~[tomcat-embed-core-8.5.32.jar:8.5.32]
	at org.springframework.boot.web.embedded.tomcat.TomcatWebServer.addPreviouslyRemovedConnectors(TomcatWebServer.java:256) [spring-boot-2.0.4.RELEASE.jar:2.0.4.RELEASE]
	at org.springframework.boot.web.embedded.tomcat.TomcatWebServer.start(TomcatWebServer.java:198) [spring-boot-2.0.4.RELEASE.jar:2.0.4.RELEASE]
	at org.springframework.boot.web.servlet.context.ServletWebServerApplicationContext.startWebServer(ServletWebServerApplicationContext.java:300) [spring-boot-2.0.4.RELEASE.jar:2.0.4.RELEASE]
	at org.springframework.boot.web.servlet.context.ServletWebServerApplicationContext.finishRefresh(ServletWebServerApplicationContext.java:162) [spring-boot-2.0.4.RELEASE.jar:2.0.4.RELEASE]
	at org.springframework.context.support.AbstractApplicationContext.refresh(AbstractApplicationContext.java:553) [spring-context-5.0.8.RELEASE.jar:5.0.8.RELEASE]
	at org.springframework.boot.web.servlet.context.ServletWebServerApplicationContext.refresh(ServletWebServerApplicationContext.java:140) [spring-boot-2.0.4.RELEASE.jar:2.0.4.RELEASE]
	at org.springframework.boot.SpringApplication.refresh(SpringApplication.java:762) [spring-boot-2.0.4.RELEASE.jar:2.0.4.RELEASE]
	at org.springframework.boot.SpringApplication.refreshContext(SpringApplication.java:398) [spring-boot-2.0.4.RELEASE.jar:2.0.4.RELEASE]
	at org.springframework.boot.SpringApplication.run(SpringApplication.java:330) [spring-boot-2.0.4.RELEASE.jar:2.0.4.RELEASE]
	at org.springframework.boot.SpringApplication.run(SpringApplication.java:1258) [spring-boot-2.0.4.RELEASE.jar:2.0.4.RELEASE]
	at org.springframework.boot.SpringApplication.run(SpringApplication.java:1246) [spring-boot-2.0.4.RELEASE.jar:2.0.4.RELEASE]
	at net.guides.springboot2.springboot2externalizingconfproperties.Application.main(Application.java:10) [classes/:na]
Caused by: org.apache.catalina.LifecycleException: Protocol handler start failed
	at org.apache.catalina.connector.Connector.startInternal(Connector.java:1020) ~[tomcat-embed-core-8.5.32.jar:8.5.32]
	at org.apache.catalina.util.LifecycleBase.start(LifecycleBase.java:150) ~[tomcat-embed-core-8.5.32.jar:8.5.32]
	... 13 common frames omitted
Caused by: java.net.BindException: Address already in use: bind
	at sun.nio.ch.Net.bind0(Native Method) ~[na:1.8.0_241]
	at sun.nio.ch.Net.bind(Net.java:433) ~[na:1.8.0_241]
	at sun.nio.ch.Net.bind(Net.java:425) ~[na:1.8.0_241]
	at sun.nio.ch.ServerSocketChannelImpl.bind(ServerSocketChannelImpl.java:223) ~[na:1.8.0_241]
	at sun.nio.ch.ServerSocketAdaptor.bind(ServerSocketAdaptor.java:74) ~[na:1.8.0_241]
	at org.apache.tomcat.util.net.NioEndpoint.bind(NioEndpoint.java:210) ~[tomcat-embed-core-8.5.32.jar:8.5.32]
	at org.apache.tomcat.util.net.AbstractEndpoint.start(AbstractEndpoint.java:1150) ~[tomcat-embed-core-8.5.32.jar:8.5.32]
	at org.apache.coyote.AbstractProtocol.start(AbstractProtocol.java:591) ~[tomcat-embed-core-8.5.32.jar:8.5.32]
	at org.apache.catalina.connector.Connector.startInternal(Connector.java:1018) ~[tomcat-embed-core-8.5.32.jar:8.5.32]
	... 14 common frames omitted

2020-05-14 09:58:10.995  INFO 8808 --- [main] o.apache.catalina.core.StandardService   : Stopping service [Tomcat]
2020-05-14 09:58:11.000  INFO 8808 --- [main] ConditionEvaluationReportLoggingListener : 

Error starting ApplicationContext. To display the conditions report re-run your application with 'debug' enabled.
2020-05-14 09:58:11.002 ERROR 8808 --- [main] o.s.b.d.LoggingFailureAnalysisReporter   : 

***************************
APPLICATION FAILED TO START
***************************

Description:

The Tomcat connector configured to listen on port 8080 failed to start. The port may already be in use or the connector may be misconfigured.

Action:

Verify the connector's configuration, identify and stop any process that's listening on port 8080, or configure this application to listen on another port.

2020-05-14 09:58:11.003  INFO 8808 --- [main] ConfigServletWebServerApplicationContext : Closing org.springframework.boot.web.servlet.context.AnnotationConfigServletWebServerApplicationContext@3c9d0b9d: startup date [Thu May 14 09:58:10 CEST 2020]; root of context hierarchy
2020-05-14 09:58:11.004  INFO 8808 --- [main] o.s.j.e.a.AnnotationMBeanExporter        : Unregistering JMX-exposed beans on shutdown
2020-05-14 09:58:25.982  INFO 6656 --- [main] n.g.s.s.Application                      : Starting Application on DESKTOP-GOUB606 with PID 6656 (E:\workspaces\workspace_guides\spring-boot-tutorial-master\springboot2-externalizing-conf-properties\target\classes started by maher in E:\workspaces\workspace_guides\spring-boot-tutorial-master\springboot2-externalizing-conf-properties)
2020-05-14 09:58:25.984 DEBUG 6656 --- [main] n.g.s.s.Application                      : Running with Spring Boot v2.0.4.RELEASE, Spring v5.0.8.RELEASE
2020-05-14 09:58:25.985  INFO 6656 --- [main] n.g.s.s.Application                      : No active profile set, falling back to default profiles: default
2020-05-14 09:58:26.005  INFO 6656 --- [main] ConfigServletWebServerApplicationContext : Refreshing org.springframework.boot.web.servlet.context.AnnotationConfigServletWebServerApplicationContext@45018215: startup date [Thu May 14 09:58:26 CEST 2020]; root of context hierarchy
2020-05-14 09:58:26.501  INFO 6656 --- [main] o.s.b.w.embedded.tomcat.TomcatWebServer  : Tomcat initialized with port(s): 8080 (http)
2020-05-14 09:58:26.512  INFO 6656 --- [main] o.apache.catalina.core.StandardService   : Starting service [Tomcat]
2020-05-14 09:58:26.513  INFO 6656 --- [main] org.apache.catalina.core.StandardEngine  : Starting Servlet Engine: Apache Tomcat/8.5.32
2020-05-14 09:58:26.515  INFO 6656 --- [localhost-startStop-1] o.a.catalina.core.AprLifecycleListener   : Loaded APR based Apache Tomcat Native library [1.2.23] using APR version [1.7.0].
2020-05-14 09:58:26.515  INFO 6656 --- [localhost-startStop-1] o.a.catalina.core.AprLifecycleListener   : APR capabilities: IPv6 [true], sendfile [true], accept filters [false], random [true].
2020-05-14 09:58:26.515  INFO 6656 --- [localhost-startStop-1] o.a.catalina.core.AprLifecycleListener   : APR/OpenSSL configuration: useAprConnector [false], useOpenSSL [true]
2020-05-14 09:58:26.517  INFO 6656 --- [localhost-startStop-1] o.a.catalina.core.AprLifecycleListener   : OpenSSL successfully initialized [OpenSSL 1.1.1c  28 May 2019]
2020-05-14 09:58:26.553  INFO 6656 --- [localhost-startStop-1] o.a.c.c.C.[Tomcat].[localhost].[/]       : Initializing Spring embedded WebApplicationContext
2020-05-14 09:58:26.553  INFO 6656 --- [localhost-startStop-1] o.s.web.context.ContextLoader            : Root WebApplicationContext: initialization completed in 548 ms
2020-05-14 09:58:26.582  INFO 6656 --- [localhost-startStop-1] o.s.b.w.servlet.ServletRegistrationBean  : Servlet dispatcherServlet mapped to [/]
2020-05-14 09:58:26.584  INFO 6656 --- [localhost-startStop-1] o.s.b.w.servlet.FilterRegistrationBean   : Mapping filter: 'characterEncodingFilter' to: [/*]
2020-05-14 09:58:26.585  INFO 6656 --- [localhost-startStop-1] o.s.b.w.servlet.FilterRegistrationBean   : Mapping filter: 'hiddenHttpMethodFilter' to: [/*]
2020-05-14 09:58:26.585  INFO 6656 --- [localhost-startStop-1] o.s.b.w.servlet.FilterRegistrationBean   : Mapping filter: 'httpPutFormContentFilter' to: [/*]
2020-05-14 09:58:26.585  INFO 6656 --- [localhost-startStop-1] o.s.b.w.servlet.FilterRegistrationBean   : Mapping filter: 'requestContextFilter' to: [/*]
2020-05-14 09:58:26.649  INFO 6656 --- [main] o.s.w.s.handler.SimpleUrlHandlerMapping  : Mapped URL path [/**/favicon.ico] onto handler of type [class org.springframework.web.servlet.resource.ResourceHttpRequestHandler]
2020-05-14 09:58:26.761  INFO 6656 --- [main] s.w.s.m.m.a.RequestMappingHandlerAdapter : Looking for @ControllerAdvice: org.springframework.boot.web.servlet.context.AnnotationConfigServletWebServerApplicationContext@45018215: startup date [Thu May 14 09:58:26 CEST 2020]; root of context hierarchy
2020-05-14 09:58:26.793  INFO 6656 --- [main] s.w.s.m.m.a.RequestMappingHandlerMapping : Mapped "{[/properties],methods=[GET]}" onto public void net.guides.springboot2.springboot2externalizingconfproperties.PropertyController.printProperties()
2020-05-14 09:58:26.796  INFO 6656 --- [main] s.w.s.m.m.a.RequestMappingHandlerMapping : Mapped "{[/error]}" onto public org.springframework.http.ResponseEntity<java.util.Map<java.lang.String, java.lang.Object>> org.springframework.boot.autoconfigure.web.servlet.error.BasicErrorController.error(javax.servlet.http.HttpServletRequest)
2020-05-14 09:58:26.797  INFO 6656 --- [main] s.w.s.m.m.a.RequestMappingHandlerMapping : Mapped "{[/error],produces=[text/html]}" onto public org.springframework.web.servlet.ModelAndView org.springframework.boot.autoconfigure.web.servlet.error.BasicErrorController.errorHtml(javax.servlet.http.HttpServletRequest,javax.servlet.http.HttpServletResponse)
2020-05-14 09:58:26.810  INFO 6656 --- [main] o.s.w.s.handler.SimpleUrlHandlerMapping  : Mapped URL path [/webjars/**] onto handler of type [class org.springframework.web.servlet.resource.ResourceHttpRequestHandler]
2020-05-14 09:58:26.810  INFO 6656 --- [main] o.s.w.s.handler.SimpleUrlHandlerMapping  : Mapped URL path [/**] onto handler of type [class org.springframework.web.servlet.resource.ResourceHttpRequestHandler]
2020-05-14 09:58:26.879  INFO 6656 --- [main] o.s.j.e.a.AnnotationMBeanExporter        : Registering beans for JMX exposure on startup
2020-05-14 09:58:26.900  INFO 6656 --- [main] o.s.b.w.embedded.tomcat.TomcatWebServer  : Tomcat started on port(s): 8080 (http) with context path ''
2020-05-14 09:58:26.902  INFO 6656 --- [main] n.g.s.s.Application                      : Started Application in 1.074 seconds (JVM running for 1.373)
2020-05-14 09:58:59.624  INFO 6656 --- [http-nio-8080-exec-1] o.a.c.c.C.[Tomcat].[localhost].[/]       : Initializing Spring FrameworkServlet 'dispatcherServlet'
2020-05-14 09:58:59.624  INFO 6656 --- [http-nio-8080-exec-1] o.s.web.servlet.DispatcherServlet        : FrameworkServlet 'dispatcherServlet': initialization started
2020-05-14 09:58:59.632  INFO 6656 --- [http-nio-8080-exec-1] o.s.web.servlet.DispatcherServlet        : FrameworkServlet 'dispatcherServlet': initialization completed in 8 ms
2020-05-14 09:58:59.644 DEBUG 6656 --- [http-nio-8080-exec-1] n.g.s.s.PropertyController               : root
2020-05-14 09:58:59.644 DEBUG 6656 --- [http-nio-8080-exec-1] n.g.s.s.PropertyController               : root
2020-05-14 09:58:59.644 DEBUG 6656 --- [http-nio-8080-exec-1] n.g.s.s.PropertyController               : com.mysql.jdbc.Driver
2020-05-14 09:58:59.644 DEBUG 6656 --- [http-nio-8080-exec-1] n.g.s.s.PropertyController               : jdbc:mysql://localhost:3306/dev_db
2020-05-14 09:58:59.644 DEBUG 6656 --- [http-nio-8080-exec-1] n.g.s.s.PropertyController               : DataSourceConfig [driver=com.mysql.jdbc.Driver, url=jdbc:mysql://localhost:3306/dev_db, username=root]
2020-05-14 09:59:44.964  INFO 6656 --- [RMI TCP Connection(3)-127.0.0.1] inMXBeanRegistrar$SpringApplicationAdmin : Application shutdown requested.
2020-05-14 09:59:44.964  INFO 6656 --- [RMI TCP Connection(3)-127.0.0.1] ConfigServletWebServerApplicationContext : Closing org.springframework.boot.web.servlet.context.AnnotationConfigServletWebServerApplicationContext@45018215: startup date [Thu May 14 09:58:26 CEST 2020]; root of context hierarchy
2020-05-14 09:59:44.966  INFO 6656 --- [RMI TCP Connection(3)-127.0.0.1] o.s.j.e.a.AnnotationMBeanExporter        : Unregistering JMX-exposed beans on shutdown
